# JRE version: OpenJDK Runtime Environment (11.0.12+7) (build 11.0.12+7-b1504.28-7817840)
# Java VM: OpenJDK 64-Bit Server VM (11.0.12+7-b1504.28-7817840, mixed mode, tiered, compressed oops, g1 gc, windows-amd64)
Heap:
 garbage-first heap   total 278528K, used 143410K [0x00000000a0000000, 0x0000000100000000)
  region size 1024K, 16 young (16384K), 2 survivors (2048K)
 Metaspace       used 107333K, capacity 110727K, committed 110924K, reserved 1144832K
  class space    used 13691K, capacity 14865K, committed 14924K, reserved 1048576K
GC Heap History (20 events):
Event: 383.697 GC heap before
{Heap before GC invocations=178 (full 0):
 garbage-first heap   total 278528K, used 235846K [0x00000000a0000000, 0x0000000100000000)
  region size 1024K, 136 young (139264K), 12 survivors (12288K)
 Metaspace       used 94947K, capacity 97657K, committed 97740K, reserved 1134592K
  class space    used 11981K, capacity 12937K, committed 13004K, reserved 1048576K
}
Event: 383.726 GC heap after
{Heap after GC invocations=179 (full 0):
 garbage-first heap   total 278528K, used 112379K [0x00000000a0000000, 0x0000000100000000)
  region size 1024K, 8 young (8192K), 8 survivors (8192K)
 Metaspace       used 94947K, capacity 97657K, committed 97740K, reserved 1134592K
  class space    used 11981K, capacity 12937K, committed 13004K, reserved 1048576K
}
Event: 384.571 GC heap before
{Heap before GC invocations=179 (full 0):
 garbage-first heap   total 278528K, used 236283K [0x00000000a0000000, 0x0000000100000000)
  region size 1024K, 129 young (132096K), 8 survivors (8192K)
 Metaspace       used 94947K, capacity 97657K, committed 97740K, reserved 1134592K
  class space    used 11981K, capacity 12937K, committed 13004K, reserved 1048576K
}
Event: 384.584 GC heap after
{Heap after GC invocations=180 (full 0):
 garbage-first heap   total 278528K, used 113403K [0x00000000a0000000, 0x0000000100000000)
  region size 1024K, 9 young (9216K), 9 survivors (9216K)
 Metaspace       used 94947K, capacity 97657K, committed 97740K, reserved 1134592K
  class space    used 11981K, capacity 12937K, committed 13004K, reserved 1048576K
}
Event: 385.858 GC heap before
{Heap before GC invocations=180 (full 0):
 garbage-first heap   total 278528K, used 238331K [0x00000000a0000000, 0x0000000100000000)
  region size 1024K, 131 young (134144K), 9 survivors (9216K)
 Metaspace       used 94947K, capacity 97657K, committed 97740K, reserved 1134592K
  class space    used 11981K, capacity 12937K, committed 13004K, reserved 1048576K
}
Event: 385.872 GC heap after
{Heap after GC invocations=181 (full 0):
 garbage-first heap   total 278528K, used 115451K [0x00000000a0000000, 0x0000000100000000)
  region size 1024K, 11 young (11264K), 11 survivors (11264K)
 Metaspace       used 94947K, capacity 97657K, committed 97740K, reserved 1134592K
  class space    used 11981K, capacity 12937K, committed 13004K, reserved 1048576K
}
Event: 387.291 GC heap before
{Heap before GC invocations=181 (full 0):
 garbage-first heap   total 278528K, used 238331K [0x00000000a0000000, 0x0000000100000000)
  region size 1024K, 131 young (134144K), 11 survivors (11264K)
 Metaspace       used 94954K, capacity 97658K, committed 97740K, reserved 1134592K
  class space    used 11981K, capacity 12937K, committed 13004K, reserved 1048576K
}
Event: 387.303 GC heap after
{Heap after GC invocations=182 (full 0):
 garbage-first heap   total 278528K, used 108790K [0x00000000a0000000, 0x0000000100000000)
  region size 1024K, 3 young (3072K), 3 survivors (3072K)
 Metaspace       used 94954K, capacity 97658K, committed 97740K, reserved 1134592K
  class space    used 11981K, capacity 12937K, committed 13004K, reserved 1048576K
}
Event: 394.219 GC heap before
{Heap before GC invocations=182 (full 0):
 garbage-first heap   total 278528K, used 240886K [0x00000000a0000000, 0x0000000100000000)
  region size 1024K, 129 young (132096K), 3 survivors (3072K)
 Metaspace       used 100353K, capacity 103308K, committed 103500K, reserved 1138688K
  class space    used 12761K, capacity 13812K, committed 13900K, reserved 1048576K
}
Event: 394.238 GC heap after
{Heap after GC invocations=183 (full 0):
 garbage-first heap   total 278528K, used 119426K [0x00000000a0000000, 0x0000000100000000)
  region size 1024K, 10 young (10240K), 10 survivors (10240K)
 Metaspace       used 100353K, capacity 103308K, committed 103500K, reserved 1138688K
  class space    used 12761K, capacity 13812K, committed 13900K, reserved 1048576K
}
Event: 400.523 GC heap before
{Heap before GC invocations=183 (full 0):
 garbage-first heap   total 278528K, used 234114K [0x00000000a0000000, 0x0000000100000000)
  region size 1024K, 123 young (125952K), 10 survivors (10240K)
 Metaspace       used 102429K, capacity 105366K, committed 105548K, reserved 1140736K
  class space    used 12987K, capacity 14053K, committed 14156K, reserved 1048576K
}
Event: 400.617 GC heap after
{Heap after GC invocations=184 (full 0):
 garbage-first heap   total 278528K, used 123798K [0x00000000a0000000, 0x0000000100000000)
  region size 1024K, 5 young (5120K), 5 survivors (5120K)
 Metaspace       used 102429K, capacity 105366K, committed 105548K, reserved 1140736K
  class space    used 12987K, capacity 14053K, committed 14156K, reserved 1048576K
}
Event: 404.925 GC heap before
{Heap before GC invocations=184 (full 0):
 garbage-first heap   total 278528K, used 234390K [0x00000000a0000000, 0x0000000100000000)
  region size 1024K, 114 young (116736K), 5 survivors (5120K)
 Metaspace       used 102650K, capacity 105703K, committed 105804K, reserved 1140736K
  class space    used 12999K, capacity 14076K, committed 14156K, reserved 1048576K
}
Event: 404.932 GC heap after
{Heap after GC invocations=185 (full 0):
 garbage-first heap   total 278528K, used 123257K [0x00000000a0000000, 0x0000000100000000)
  region size 1024K, 4 young (4096K), 4 survivors (4096K)
 Metaspace       used 102650K, capacity 105703K, committed 105804K, reserved 1140736K
  class space    used 12999K, capacity 14076K, committed 14156K, reserved 1048576K
}
Event: 533.402 GC heap before
{Heap before GC invocations=185 (full 0):
 garbage-first heap   total 278528K, used 236921K [0x00000000a0000000, 0x0000000100000000)
  region size 1024K, 116 young (118784K), 4 survivors (4096K)
 Metaspace       used 102922K, capacity 105901K, committed 106060K, reserved 1140736K
  class space    used 13028K, capacity 14116K, committed 14156K, reserved 1048576K
}
Event: 533.801 GC heap after
{Heap after GC invocations=186 (full 0):
 garbage-first heap   total 278528K, used 122386K [0x00000000a0000000, 0x0000000100000000)
  region size 1024K, 3 young (3072K), 3 survivors (3072K)
 Metaspace       used 102922K, capacity 105901K, committed 106060K, reserved 1140736K
  class space    used 13028K, capacity 14116K, committed 14156K, reserved 1048576K
}
Event: 593.184 GC heap before
{Heap before GC invocations=186 (full 0):
 garbage-first heap   total 278528K, used 239122K [0x00000000a0000000, 0x0000000100000000)
  region size 1024K, 117 young (119808K), 3 survivors (3072K)
 Metaspace       used 106027K, capacity 109214K, committed 109388K, reserved 1144832K
  class space    used 13429K, capacity 14568K, committed 14668K, reserved 1048576K
}
Event: 593.584 GC heap after
{Heap after GC invocations=187 (full 0):
 garbage-first heap   total 278528K, used 129003K [0x00000000a0000000, 0x0000000100000000)
  region size 1024K, 10 young (10240K), 10 survivors (10240K)
 Metaspace       used 106027K, capacity 109214K, committed 109388K, reserved 1144832K
  class space    used 13429K, capacity 14568K, committed 14668K, reserved 1048576K
}
Event: 594.981 GC heap before
{Heap before GC invocations=187 (full 0):
 garbage-first heap   total 278528K, used 131051K [0x00000000a0000000, 0x0000000100000000)
  region size 1024K, 13 young (13312K), 10 survivors (10240K)
 Metaspace       used 106362K, capacity 109534K, committed 109644K, reserved 1144832K
  class space    used 13495K, capacity 14633K, committed 14668K, reserved 1048576K
}
Event: 595.108 GC heap after
{Heap after GC invocations=188 (full 0):
 garbage-first heap   total 278528K, used 130098K [0x00000000a0000000, 0x0000000100000000)
  region size 1024K, 2 young (2048K), 2 survivors (2048K)
 Metaspace       used 106362K, capacity 109534K, committed 109644K, reserved 1144832K
  class space    used 13495K, capacity 14633K, committed 14668K, reserved 1048576K
}

