# JRE version: OpenJDK Runtime Environment (11.0.12+7) (build 11.0.12+7-b1504.28-7817840)
# Java VM: OpenJDK 64-Bit Server VM (11.0.12+7-b1504.28-7817840, mixed mode, tiered, compressed oops, g1 gc, windows-amd64)
Heap:
 garbage-first heap   total 63488K, used 22834K [0x00000000a0000000, 0x0000000100000000)
  region size 1024K, 8 young (8192K), 2 survivors (2048K)
 Metaspace       used 21343K, capacity 21846K, committed 22140K, reserved 1069056K
  class space    used 2637K, capacity 2801K, committed 2816K, reserved 1048576K
GC Heap History (12 events):
Event: 3.409 GC heap before
{Heap before GC invocations=0 (full 0):
 garbage-first heap   total 63488K, used 16384K [0x00000000a0000000, 0x0000000100000000)
  region size 1024K, 14 young (14336K), 0 survivors (0K)
 Metaspace       used 6755K, capacity 6933K, committed 7168K, reserved 1056768K
  class space    used 582K, capacity 650K, committed 768K, reserved 1048576K
}
Event: 3.418 GC heap after
{Heap after GC invocations=1 (full 0):
 garbage-first heap   total 63488K, used 4598K [0x00000000a0000000, 0x0000000100000000)
  region size 1024K, 2 young (2048K), 2 survivors (2048K)
 Metaspace       used 6755K, capacity 6933K, committed 7168K, reserved 1056768K
  class space    used 582K, capacity 650K, committed 768K, reserved 1048576K
}
Event: 7.943 GC heap before
{Heap before GC invocations=1 (full 0):
 garbage-first heap   total 63488K, used 23030K [0x00000000a0000000, 0x0000000100000000)
  region size 1024K, 18 young (18432K), 2 survivors (2048K)
 Metaspace       used 10305K, capacity 10480K, committed 10624K, reserved 1058816K
  class space    used 1073K, capacity 1135K, committed 1152K, reserved 1048576K
}
Event: 7.953 GC heap after
{Heap after GC invocations=2 (full 0):
 garbage-first heap   total 63488K, used 9693K [0x00000000a0000000, 0x0000000100000000)
  region size 1024K, 2 young (2048K), 2 survivors (2048K)
 Metaspace       used 10305K, capacity 10480K, committed 10624K, reserved 1058816K
  class space    used 1073K, capacity 1135K, committed 1152K, reserved 1048576K
}
Event: 10.481 GC heap before
{Heap before GC invocations=2 (full 0):
 garbage-first heap   total 63488K, used 39389K [0x00000000a0000000, 0x0000000100000000)
  region size 1024K, 30 young (30720K), 2 survivors (2048K)
 Metaspace       used 10927K, capacity 11145K, committed 11264K, reserved 1058816K
  class space    used 1133K, capacity 1207K, committed 1280K, reserved 1048576K
}
Event: 10.488 GC heap after
{Heap after GC invocations=3 (full 0):
 garbage-first heap   total 63488K, used 12257K [0x00000000a0000000, 0x0000000100000000)
  region size 1024K, 4 young (4096K), 4 survivors (4096K)
 Metaspace       used 10927K, capacity 11145K, committed 11264K, reserved 1058816K
  class space    used 1133K, capacity 1207K, committed 1280K, reserved 1048576K
}
Event: 16.885 GC heap before
{Heap before GC invocations=3 (full 0):
 garbage-first heap   total 63488K, used 40929K [0x00000000a0000000, 0x0000000100000000)
  region size 1024K, 32 young (32768K), 4 survivors (4096K)
 Metaspace       used 16114K, capacity 16487K, committed 16640K, reserved 1064960K
  class space    used 1841K, capacity 1965K, committed 2048K, reserved 1048576K
}
Event: 16.921 GC heap after
{Heap after GC invocations=4 (full 0):
 garbage-first heap   total 63488K, used 16390K [0x00000000a0000000, 0x0000000100000000)
  region size 1024K, 4 young (4096K), 4 survivors (4096K)
 Metaspace       used 16114K, capacity 16487K, committed 16640K, reserved 1064960K
  class space    used 1841K, capacity 1965K, committed 2048K, reserved 1048576K
}
Event: 20.645 GC heap before
{Heap before GC invocations=4 (full 0):
 garbage-first heap   total 63488K, used 43014K [0x00000000a0000000, 0x0000000100000000)
  region size 1024K, 30 young (30720K), 4 survivors (4096K)
 Metaspace       used 19519K, capacity 19895K, committed 19968K, reserved 1067008K
  class space    used 2374K, capacity 2506K, committed 2560K, reserved 1048576K
}
Event: 20.661 GC heap after
{Heap after GC invocations=5 (full 0):
 garbage-first heap   total 63488K, used 17548K [0x00000000a0000000, 0x0000000100000000)
  region size 1024K, 2 young (2048K), 2 survivors (2048K)
 Metaspace       used 19519K, capacity 19895K, committed 19968K, reserved 1067008K
  class space    used 2374K, capacity 2506K, committed 2560K, reserved 1048576K
}
Event: 21.411 GC heap before
{Heap before GC invocations=5 (full 0):
 garbage-first heap   total 63488K, used 23692K [0x00000000a0000000, 0x0000000100000000)
  region size 1024K, 9 young (9216K), 2 survivors (2048K)
 Metaspace       used 20637K, capacity 21102K, committed 21296K, reserved 1069056K
  class space    used 2508K, capacity 2658K, committed 2688K, reserved 1048576K
}
Event: 21.429 GC heap after
{Heap after GC invocations=6 (full 0):
 garbage-first heap   total 63488K, used 17714K [0x00000000a0000000, 0x0000000100000000)
  region size 1024K, 2 young (2048K), 2 survivors (2048K)
 Metaspace       used 20637K, capacity 21102K, committed 21296K, reserved 1069056K
  class space    used 2508K, capacity 2658K, committed 2688K, reserved 1048576K
}

