# JRE version: OpenJDK Runtime Environment (11.0.12+7) (build 11.0.12+7-b1504.28-7817840)
# Java VM: OpenJDK 64-Bit Server VM (11.0.12+7-b1504.28-7817840, mixed mode, tiered, compressed oops, g1 gc, windows-amd64)
Heap:
 garbage-first heap   total 63488K, used 34956K [0x00000000a0000000, 0x0000000100000000)
  region size 1024K, 10 young (10240K), 3 survivors (3072K)
 Metaspace       used 41420K, capacity 42434K, committed 42780K, reserved 1087488K
  class space    used 5287K, capacity 5656K, committed 5760K, reserved 1048576K
GC Heap History (20 events):
Event: 17.959 GC heap before
{Heap before GC invocations=5 (full 0):
 garbage-first heap   total 63488K, used 21337K [0x00000000a0000000, 0x0000000100000000)
  region size 1024K, 7 young (7168K), 2 survivors (2048K)
 Metaspace       used 20666K, capacity 21170K, committed 21296K, reserved 1069056K
  class space    used 2507K, capacity 2658K, committed 2688K, reserved 1048576K
}
Event: 17.965 GC heap after
{Heap after GC invocations=6 (full 0):
 garbage-first heap   total 63488K, used 17503K [0x00000000a0000000, 0x0000000100000000)
  region size 1024K, 2 young (2048K), 2 survivors (2048K)
 Metaspace       used 20666K, capacity 21170K, committed 21296K, reserved 1069056K
  class space    used 2507K, capacity 2658K, committed 2688K, reserved 1048576K
}
Event: 20.336 GC heap before
{Heap before GC invocations=7 (full 0):
 garbage-first heap   total 63488K, used 45151K [0x00000000a0000000, 0x0000000100000000)
  region size 1024K, 29 young (29696K), 2 survivors (2048K)
 Metaspace       used 23482K, capacity 23977K, committed 24192K, reserved 1071104K
  class space    used 2962K, capacity 3147K, committed 3200K, reserved 1048576K
}
Event: 20.346 GC heap after
{Heap after GC invocations=8 (full 0):
 garbage-first heap   total 63488K, used 18419K [0x00000000a0000000, 0x0000000100000000)
  region size 1024K, 3 young (3072K), 3 survivors (3072K)
 Metaspace       used 23482K, capacity 23977K, committed 24192K, reserved 1071104K
  class space    used 2962K, capacity 3147K, committed 3200K, reserved 1048576K
}
Event: 23.106 GC heap before
{Heap before GC invocations=8 (full 0):
 garbage-first heap   total 63488K, used 46067K [0x00000000a0000000, 0x0000000100000000)
  region size 1024K, 30 young (30720K), 3 survivors (3072K)
 Metaspace       used 26545K, capacity 27186K, committed 27264K, reserved 1073152K
  class space    used 3436K, capacity 3670K, committed 3712K, reserved 1048576K
}
Event: 23.116 GC heap after
{Heap after GC invocations=9 (full 0):
 garbage-first heap   total 63488K, used 19568K [0x00000000a0000000, 0x0000000100000000)
  region size 1024K, 3 young (3072K), 3 survivors (3072K)
 Metaspace       used 26545K, capacity 27186K, committed 27264K, reserved 1073152K
  class space    used 3436K, capacity 3670K, committed 3712K, reserved 1048576K
}
Event: 25.121 GC heap before
{Heap before GC invocations=9 (full 0):
 garbage-first heap   total 63488K, used 47216K [0x00000000a0000000, 0x0000000100000000)
  region size 1024K, 30 young (30720K), 3 survivors (3072K)
 Metaspace       used 28774K, capacity 29401K, committed 29696K, reserved 1075200K
  class space    used 3777K, capacity 4028K, committed 4096K, reserved 1048576K
}
Event: 25.126 GC heap after
{Heap after GC invocations=10 (full 0):
 garbage-first heap   total 63488K, used 20201K [0x00000000a0000000, 0x0000000100000000)
  region size 1024K, 2 young (2048K), 2 survivors (2048K)
 Metaspace       used 28774K, capacity 29401K, committed 29696K, reserved 1075200K
  class space    used 3777K, capacity 4028K, committed 4096K, reserved 1048576K
}
Event: 28.747 GC heap before
{Heap before GC invocations=10 (full 0):
 garbage-first heap   total 63488K, used 47849K [0x00000000a0000000, 0x0000000100000000)
  region size 1024K, 30 young (30720K), 2 survivors (2048K)
 Metaspace       used 33323K, capacity 34115K, committed 34432K, reserved 1079296K
  class space    used 4314K, capacity 4616K, committed 4736K, reserved 1048576K
}
Event: 28.756 GC heap after
{Heap after GC invocations=11 (full 0):
 garbage-first heap   total 63488K, used 22249K [0x00000000a0000000, 0x0000000100000000)
  region size 1024K, 4 young (4096K), 4 survivors (4096K)
 Metaspace       used 33323K, capacity 34115K, committed 34432K, reserved 1079296K
  class space    used 4314K, capacity 4616K, committed 4736K, reserved 1048576K
}
Event: 29.301 GC heap before
{Heap before GC invocations=11 (full 0):
 garbage-first heap   total 63488K, used 25321K [0x00000000a0000000, 0x0000000100000000)
  region size 1024K, 8 young (8192K), 4 survivors (4096K)
 Metaspace       used 35195K, capacity 35984K, committed 36048K, reserved 1081344K
  class space    used 4541K, capacity 4838K, committed 4864K, reserved 1048576K
}
Event: 29.312 GC heap after
{Heap after GC invocations=12 (full 0):
 garbage-first heap   total 63488K, used 22978K [0x00000000a0000000, 0x0000000100000000)
  region size 1024K, 3 young (3072K), 3 survivors (3072K)
 Metaspace       used 35195K, capacity 35984K, committed 36048K, reserved 1081344K
  class space    used 4541K, capacity 4838K, committed 4864K, reserved 1048576K
}
Event: 31.245 GC heap before
{Heap before GC invocations=13 (full 0):
 garbage-first heap   total 63488K, used 39362K [0x00000000a0000000, 0x0000000100000000)
  region size 1024K, 20 young (20480K), 3 survivors (3072K)
 Metaspace       used 36889K, capacity 37797K, committed 38044K, reserved 1083392K
  class space    used 4718K, capacity 5056K, committed 5120K, reserved 1048576K
}
Event: 31.257 GC heap after
{Heap after GC invocations=14 (full 0):
 garbage-first heap   total 63488K, used 26071K [0x00000000a0000000, 0x0000000100000000)
  region size 1024K, 3 young (3072K), 3 survivors (3072K)
 Metaspace       used 36889K, capacity 37797K, committed 38044K, reserved 1083392K
  class space    used 4718K, capacity 5056K, committed 5120K, reserved 1048576K
}
Event: 32.960 GC heap before
{Heap before GC invocations=14 (full 0):
 garbage-first heap   total 63488K, used 42455K [0x00000000a0000000, 0x0000000100000000)
  region size 1024K, 19 young (19456K), 3 survivors (3072K)
 Metaspace       used 38122K, capacity 38995K, committed 39196K, reserved 1083392K
  class space    used 4900K, capacity 5240K, committed 5248K, reserved 1048576K
}
Event: 32.974 GC heap after
{Heap after GC invocations=15 (full 0):
 garbage-first heap   total 63488K, used 26552K [0x00000000a0000000, 0x0000000100000000)
  region size 1024K, 2 young (2048K), 2 survivors (2048K)
 Metaspace       used 38122K, capacity 38995K, committed 39196K, reserved 1083392K
  class space    used 4900K, capacity 5240K, committed 5248K, reserved 1048576K
}
Event: 35.066 GC heap before
{Heap before GC invocations=15 (full 0):
 garbage-first heap   total 63488K, used 46008K [0x00000000a0000000, 0x0000000100000000)
  region size 1024K, 19 young (19456K), 2 survivors (2048K)
 Metaspace       used 39737K, capacity 40600K, committed 40860K, reserved 1085440K
  class space    used 5035K, capacity 5368K, committed 5376K, reserved 1048576K
}
Event: 35.071 GC heap after
{Heap after GC invocations=16 (full 0):
 garbage-first heap   total 63488K, used 27730K [0x00000000a0000000, 0x0000000100000000)
  region size 1024K, 3 young (3072K), 3 survivors (3072K)
 Metaspace       used 39737K, capacity 40600K, committed 40860K, reserved 1085440K
  class space    used 5035K, capacity 5368K, committed 5376K, reserved 1048576K
}
Event: 38.960 GC heap before
{Heap before GC invocations=16 (full 0):
 garbage-first heap   total 63488K, used 45138K [0x00000000a0000000, 0x0000000100000000)
  region size 1024K, 20 young (20480K), 3 survivors (3072K)
 Metaspace       used 40941K, capacity 41869K, committed 42140K, reserved 1085440K
  class space    used 5202K, capacity 5553K, committed 5632K, reserved 1048576K
}
Event: 38.967 GC heap after
{Heap after GC invocations=17 (full 0):
 garbage-first heap   total 63488K, used 28812K [0x00000000a0000000, 0x0000000100000000)
  region size 1024K, 3 young (3072K), 3 survivors (3072K)
 Metaspace       used 40941K, capacity 41869K, committed 42140K, reserved 1085440K
  class space    used 5202K, capacity 5553K, committed 5632K, reserved 1048576K
}

